<?xml version="1.0" encoding="UTF-8"?>
<testng-results ignored="0" total="1" passed="1" failed="0" skipped="0">
  <reporter-output>
  </reporter-output>
  <suite started-at="2025-02-08T14:05:53 EST" name="Default suite" finished-at="2025-02-08T14:05:56 EST" duration-ms="2992">
    <groups>
    </groups>
    <test started-at="2025-02-08T14:05:53 EST" name="Default test" finished-at="2025-02-08T14:05:56 EST" duration-ms="2992">
      <class name="testCases.Login">
        <test-method is-config="true" signature="setup()[pri:0, instance:testCases.Login@28d18df5]" started-at="2025-02-08T14:05:53 EST" name="setup" finished-at="2025-02-08T14:05:55 EST" duration-ms="1942" status="PASS">
          <reporter-output>
          </reporter-output>
        </test-method> <!-- setup -->
        <test-method signature="verifylogin()[pri:0, instance:testCases.Login@28d18df5]" started-at="2025-02-08T14:05:55 EST" name="verifylogin" finished-at="2025-02-08T14:05:55 EST" duration-ms="870" status="PASS">
          <reporter-output>
          </reporter-output>
        </test-method> <!-- verifylogin -->
        <test-method is-config="true" signature="teardown()[pri:0, instance:testCases.Login@28d18df5]" started-at="2025-02-08T14:05:55 EST" name="teardown" finished-at="2025-02-08T14:05:56 EST" duration-ms="155" status="PASS">
          <reporter-output>
          </reporter-output>
        </test-method> <!-- teardown -->
      </class> <!-- testCases.Login -->
    </test> <!-- Default test -->
  </suite> <!-- Default suite -->
</testng-results>
